<?xml version="1.0" encoding="UTF-8"?>
<!-- Generated by org.testng.reporters.JUnitReportReporter -->
<testsuite hostname="Vicky" failures="0" tests="2" name="VickyvtigerGenericUtilityScenariosPracticeTestNG.CreateOrgWContactSelectOrgFromLookupVerifyLogout" time="-1681902592.000" errors="1" timestamp="2023-04-19T16:40:00 IST" skipped="1">
  <testcase classname="VickyvtigerGenericUtilityScenariosPracticeTestNG.CreateOrgWContactSelectOrgFromLookupVerifyLogout" name="createContactSelectOrgFromLookupVerifyLogout" time="0.000">
    <skipped/>
  </testcase> <!-- createContactSelectOrgFromLookupVerifyLogout -->
  <system-out/>
  <testcase classname="VickyvtigerGenericUtilityScenariosPracticeTestNG.CreateOrgWContactSelectOrgFromLookupVerifyLogout" name="bcConfig" time="-1681902592.000">
    <error message="
Parameter &#039;BROWSER&#039; is required by BeforeTest on method bcConfig but has not been marked @Optional or defined
in V:\Advance Selenium Chaitra Mam\Advance Selenium WorkSpace\7to9.maven\testng_ParallelExecution_DistributedExe.xml" type="org.testng.TestNGException">
      <![CDATA[org.testng.TestNGException: 
Parameter 'BROWSER' is required by BeforeTest on method bcConfig but has not been marked @Optional or defined
in V:\Advance Selenium Chaitra Mam\Advance Selenium WorkSpace\7to9.maven\testng_ParallelExecution_DistributedExe.xml
at org.testng.internal.Parameters.createParams(Parameters.java:270)
at org.testng.internal.Parameters.createParametersForMethod(Parameters.java:358)
at org.testng.internal.Parameters.createParameters(Parameters.java:700)
at org.testng.internal.Parameters.createConfigurationParameters(Parameters.java:168)
at org.testng.internal.ConfigInvoker.invokeConfigurations(ConfigInvoker.java:302)
at org.testng.TestRunner.invokeTestConfigurations(TestRunner.java:637)
at org.testng.TestRunner.beforeRun(TestRunner.java:627)
at org.testng.TestRunner.run(TestRunner.java:589)
at org.testng.SuiteRunner.runTest(SuiteRunner.java:377)
at org.testng.SuiteRunner.access$000(SuiteRunner.java:28)
at org.testng.SuiteRunner$SuiteWorker.run(SuiteRunner.java:418)
at org.testng.internal.thread.ThreadUtil.lambda$execute$0(ThreadUtil.java:64)
at java.base/java.util.concurrent.FutureTask.run(FutureTask.java:264)
at java.base/java.util.concurrent.ThreadPoolExecutor.runWorker(ThreadPoolExecutor.java:1136)
at java.base/java.util.concurrent.ThreadPoolExecutor$Worker.run(ThreadPoolExecutor.java:635)
at java.base/java.lang.Thread.run(Thread.java:833)
]]>
    </error>
  </testcase> <!-- bcConfig -->
  <system-out/>
</testsuite> <!-- VickyvtigerGenericUtilityScenariosPracticeTestNG.CreateOrgWContactSelectOrgFromLookupVerifyLogout -->
